

-------- Grammar --------

rule 1 program: CREATE declarationList EXECUTE instructionList END
rule 2 program: EXECUTE instructionList END
rule 3 declarationList: declaration
rule 4 declarationList: declarationList declaration
rule 5 declaration: type BOT identifierList behaviorList END
rule 6 declaration: type BOT identifierList END
rule 7 identifierList: IDENT
rule 8 identifierList: identifierList COMA IDENT
rule 9 type: INT
rule 10 type: BOOL
rule 11 type: CHAR
rule 12 behaviorList: behavior
rule 13 behaviorList: behaviorList behavior
rule 14 behavior: ON condition DOSPUNTOS botInstructionList END
rule 15 botInstructionList: botInstruction
rule 16 botInstructionList: botInstructionList botInstruction
rule 17 botInstruction: STORE expression PUNTO
rule 18 botInstruction: COLLECT AS IDENT PUNTO
rule 19 botInstruction: COLLECT PUNTO
rule 20 botInstruction: DROP expression PUNTO
rule 21 botInstruction: direction PUNTO
rule 22 botInstruction: direction expression PUNTO
rule 23 botInstruction: READ PUNTO
rule 24 botInstruction: READ AS IDENT PUNTO
rule 25 botInstruction: SEND PUNTO
rule 26 instructionList: instruction
rule 27 instructionList: instructionList instruction
rule 28 instruction: ACTIVATE identifierList PUNTO
rule 29 instruction: ADVANCE identifierList PUNTO
rule 30 instruction: DEACTIVATE identifierList PUNTO
rule 31 instruction: conditional
rule 32 instruction: undfiter
rule 33 instruction: program
rule 34 conditional: IF expression DOSPUNTOS instructionList END
rule 35 conditional: IF expression DOSPUNTOS instructionList ELSE DOSPUNTOS instructionList END
rule 36 undfiter: WHILE expression DOSPUNTOS instructionList END
rule 37 direction: LEFT
rule 38 direction: RIGHT
rule 39 direction: UP
rule 40 direction: DOWN
rule 41 condition: ACTIVATION
rule 42 condition: DEACTIVATION
rule 43 condition: expression
rule 44 condition: DEFAULT
rule 45 literal: NUM
rule 46 literal: TRUE
rule 47 literal: FALSE
rule 48 literal: CHARACTER
rule 49 literal: IDENT
rule 50 literal: ME
rule 51 expression: literal
rule 52 expression: expression SUMA expression
rule 53 expression: expression RESTA expression
rule 54 expression: expression MULT expression
rule 55 expression: expression DIV expression
rule 56 expression: expression MOD expression
rule 57 expression: RESTA expression
rule 58 expression: PARABRE expression PARCIERRA
rule 59 expression: NEGACION expression
rule 60 expression: expression CONJUNCION expression
rule 61 expression: expression DISYUNCION expression
rule 62 expression: expression MENORIGUAL expression
rule 63 expression: expression MAYORIGUAL expression
rule 64 expression: expression IGUAL expression
rule 65 expression: expression NOIGUAL expression
rule 66 expression: expression MENOR expression
rule 67 expression: expression MAYOR expression

------- Symbols -------

**Nonterminals, with rules where they appear

  $start (56)
    on right: 
    on left : 
  program (57)
    on right: 33
    on left : 1 2
  declarationList (58)
    on right: 1 4
    on left : 3 4
  instructionList (59)
    on right: 1 2 27 34 35 36
    on left : 26 27
  declaration (60)
    on right: 3 4
    on left : 5 6
  type (61)
    on right: 5 6
    on left : 9 10 11
  identifierList (62)
    on right: 5 6 8 28 29 30
    on left : 7 8
  behaviorList (63)
    on right: 5 13
    on left : 12 13
  behavior (64)
    on right: 12 13
    on left : 14
  condition (65)
    on right: 14
    on left : 41 42 43 44
  botInstructionList (66)
    on right: 14 16
    on left : 15 16
  botInstruction (67)
    on right: 15 16
    on left : 17 18 19 20 21 22 23 24 25
  expression (68)
    on right: 17 20 22 34 35 36 43 52 53 54 55 56 57 58 59 60 61 62 63 64 65 66 67
    on left : 51 52 53 54 55 56 57 58 59 60 61 62 63 64 65 66 67
  direction (69)
    on right: 21 22
    on left : 37 38 39 40
  instruction (70)
    on right: 26 27
    on left : 28 29 30 31 32 33
  conditional (71)
    on right: 31
    on left : 34 35
  undfiter (72)
    on right: 32
    on left : 36
  literal (73)
    on right: 51
    on left : 45 46 47 48 49 50

**Terminals, with rules where they appear

  $end (0) 
  error (1) 
  RESTA_UNARIA (2) 
  NEGACION (3) 59
  MULT (4) 54
  DIV (5) 55
  MOD (6) 56
  SUMA (7) 52
  RESTA (8) 53 57
  CONJUNCION (9) 60
  DISYUNCION (10) 61
  MENOR (11) 66
  MAYOR (12) 67
  MENORIGUAL (13) 62
  MAYORIGUAL (14) 63
  IGUAL (15) 64
  NOIGUAL (16) 65
  CREATE (17) 1
  BOT (18) 5 6
  EXECUTE (19) 1 2
  ON (20) 14
  READ (21) 23 24
  RECIEVE (22) 
  ME (23) 50
  END (24) 1 2 5 6 14 34 35 36
  ACTIVATION (25) 41
  DEACTIVATION (26) 42
  DEFAULT (27) 44
  ACTIVATE (28) 28
  DEACTIVATE (29) 30
  ADVANCE (30) 29
  IF (31) 34 35
  ELSE (32) 35
  WHILE (33) 36
  STORE (34) 17
  COLLECT (35) 18 19
  AS (36) 18 24
  DROP (37) 20
  LEFT (38) 37
  RIGHT (39) 38
  UP (40) 39
  DOWN (41) 40
  SEND (42) 25
  INT (43) 9
  BOOL (44) 10
  CHAR (45) 11
  COMA (46) 8
  PUNTO (47) 17 18 19 20 21 22 23 24 25 28 29 30
  DOSPUNTOS (48) 14 34 35 36
  PARABRE (49) 58
  PARCIERRA (50) 58
  IDENT (51) 7 8 18 24 49
  CHARACTER (52) 48
  NUM (53) 45
  TRUE (54) 46
  FALSE (55) 47

--------- State ---------

state 0


  CREATE        shift, and go to state 2
  EXECUTE       shift, and go to state 3

  program       go to state 1

state 1


  $end          shift, and go to state 4


state 2

   1) program : CREATE _ declarationList EXECUTE instructionList END

  INT           shift, and go to state 8
  BOOL          shift, and go to state 9
  CHAR          shift, and go to state 10

  declarationList  go to state 5
  declaration   go to state 6
  type          go to state 7

state 3

   2) program : EXECUTE _ instructionList END

  CREATE        shift, and go to state 2
  EXECUTE       shift, and go to state 3
  ACTIVATE      shift, and go to state 13
  DEACTIVATE    shift, and go to state 15
  ADVANCE       shift, and go to state 14
  IF            shift, and go to state 19
  WHILE         shift, and go to state 20

  instructionList  go to state 11
  instruction   go to state 12
  conditional   go to state 16
  undfiter      go to state 17
  program       go to state 18

state 4


  $end          shift, and go to state 21


state 5

   1) program : CREATE declarationList _ EXECUTE instructionList END
   4) declarationList : declarationList _ declaration

  EXECUTE       shift, and go to state 22
  INT           shift, and go to state 8
  BOOL          shift, and go to state 9
  CHAR          shift, and go to state 10

  declaration   go to state 23
  type          go to state 7

state 6

   3) declarationList : declaration _

  $default      reduce using rule 3 (declarationList)


state 7

   5) declaration : type _ BOT identifierList behaviorList END
   6) declaration : type _ BOT identifierList END

  BOT           shift, and go to state 24


state 8

   9) type : INT _

  $default      reduce using rule 9 (type)


state 9

  10) type : BOOL _

  $default      reduce using rule 10 (type)


state 10

  11) type : CHAR _

  $default      reduce using rule 11 (type)


state 11

   2) program : EXECUTE instructionList _ END
  27) instructionList : instructionList _ instruction

  CREATE        shift, and go to state 2
  EXECUTE       shift, and go to state 3
  END           shift, and go to state 25
  ACTIVATE      shift, and go to state 13
  DEACTIVATE    shift, and go to state 15
  ADVANCE       shift, and go to state 14
  IF            shift, and go to state 19
  WHILE         shift, and go to state 20

  instruction   go to state 26
  conditional   go to state 16
  undfiter      go to state 17
  program       go to state 18

state 12

  26) instructionList : instruction _

  $default      reduce using rule 26 (instructionList)


state 13

  28) instruction : ACTIVATE _ identifierList PUNTO

  IDENT         shift, and go to state 27

  identifierList  go to state 28

state 14

  29) instruction : ADVANCE _ identifierList PUNTO

  IDENT         shift, and go to state 27

  identifierList  go to state 29

state 15

  30) instruction : DEACTIVATE _ identifierList PUNTO

  IDENT         shift, and go to state 27

  identifierList  go to state 30

state 16

  31) instruction : conditional _

  $default      reduce using rule 31 (instruction)


state 17

  32) instruction : undfiter _

  $default      reduce using rule 32 (instruction)


state 18

  33) instruction : program _

  $default      reduce using rule 33 (instruction)


state 19

  34) conditional : IF _ expression DOSPUNTOS instructionList END
  35) conditional : IF _ expression DOSPUNTOS instructionList ELSE DOSPUNTOS instructionList END

  NEGACION      shift, and go to state 41
  RESTA         shift, and go to state 39
  ME            shift, and go to state 37
  PARABRE       shift, and go to state 40
  IDENT         shift, and go to state 36
  CHARACTER     shift, and go to state 35
  NUM           shift, and go to state 32
  TRUE          shift, and go to state 33
  FALSE         shift, and go to state 34

  expression    go to state 31
  literal       go to state 38

state 20

  36) undfiter : WHILE _ expression DOSPUNTOS instructionList END

  NEGACION      shift, and go to state 41
  RESTA         shift, and go to state 39
  ME            shift, and go to state 37
  PARABRE       shift, and go to state 40
  IDENT         shift, and go to state 36
  CHARACTER     shift, and go to state 35
  NUM           shift, and go to state 32
  TRUE          shift, and go to state 33
  FALSE         shift, and go to state 34

  expression    go to state 42
  literal       go to state 38

state 21


  $default      accept


state 22

   1) program : CREATE declarationList EXECUTE _ instructionList END

  CREATE        shift, and go to state 2
  EXECUTE       shift, and go to state 3
  ACTIVATE      shift, and go to state 13
  DEACTIVATE    shift, and go to state 15
  ADVANCE       shift, and go to state 14
  IF            shift, and go to state 19
  WHILE         shift, and go to state 20

  instructionList  go to state 43
  instruction   go to state 12
  conditional   go to state 16
  undfiter      go to state 17
  program       go to state 18

state 23

   4) declarationList : declarationList declaration _

  $default      reduce using rule 4 (declarationList)


state 24

   5) declaration : type BOT _ identifierList behaviorList END
   6) declaration : type BOT _ identifierList END

  IDENT         shift, and go to state 27

  identifierList  go to state 44

state 25

   2) program : EXECUTE instructionList END _

  $default      reduce using rule 2 (program)


state 26

  27) instructionList : instructionList instruction _

  $default      reduce using rule 27 (instructionList)


state 27

   7) identifierList : IDENT _

  $default      reduce using rule 7 (identifierList)


state 28

   8) identifierList : identifierList _ COMA IDENT
  28) instruction : ACTIVATE identifierList _ PUNTO

  COMA          shift, and go to state 45
  PUNTO         shift, and go to state 46


state 29

   8) identifierList : identifierList _ COMA IDENT
  29) instruction : ADVANCE identifierList _ PUNTO

  COMA          shift, and go to state 45
  PUNTO         shift, and go to state 47


state 30

   8) identifierList : identifierList _ COMA IDENT
  30) instruction : DEACTIVATE identifierList _ PUNTO

  COMA          shift, and go to state 45
  PUNTO         shift, and go to state 48


state 31

  34) conditional : IF expression _ DOSPUNTOS instructionList END
  35) conditional : IF expression _ DOSPUNTOS instructionList ELSE DOSPUNTOS instructionList END
  52) expression : expression _ SUMA expression
  53) expression : expression _ RESTA expression
  54) expression : expression _ MULT expression
  55) expression : expression _ DIV expression
  56) expression : expression _ MOD expression
  60) expression : expression _ CONJUNCION expression
  61) expression : expression _ DISYUNCION expression
  62) expression : expression _ MENORIGUAL expression
  63) expression : expression _ MAYORIGUAL expression
  64) expression : expression _ IGUAL expression
  65) expression : expression _ NOIGUAL expression
  66) expression : expression _ MENOR expression
  67) expression : expression _ MAYOR expression

  MULT          shift, and go to state 52
  DIV           shift, and go to state 53
  MOD           shift, and go to state 54
  SUMA          shift, and go to state 50
  RESTA         shift, and go to state 51
  CONJUNCION    shift, and go to state 55
  DISYUNCION    shift, and go to state 56
  MENOR         shift, and go to state 61
  MAYOR         shift, and go to state 62
  MENORIGUAL    shift, and go to state 57
  MAYORIGUAL    shift, and go to state 58
  IGUAL         shift, and go to state 59
  NOIGUAL       shift, and go to state 60
  DOSPUNTOS     shift, and go to state 49


state 32

  45) literal : NUM _

  $default      reduce using rule 45 (literal)


state 33

  46) literal : TRUE _

  $default      reduce using rule 46 (literal)


state 34

  47) literal : FALSE _

  $default      reduce using rule 47 (literal)


state 35

  48) literal : CHARACTER _

  $default      reduce using rule 48 (literal)


state 36

  49) literal : IDENT _

  $default      reduce using rule 49 (literal)


state 37

  50) literal : ME _

  $default      reduce using rule 50 (literal)


state 38

  51) expression : literal _

  $default      reduce using rule 51 (expression)


state 39

  57) expression : RESTA _ expression

  NEGACION      shift, and go to state 41
  RESTA         shift, and go to state 39
  ME            shift, and go to state 37
  PARABRE       shift, and go to state 40
  IDENT         shift, and go to state 36
  CHARACTER     shift, and go to state 35
  NUM           shift, and go to state 32
  TRUE          shift, and go to state 33
  FALSE         shift, and go to state 34

  literal       go to state 38
  expression    go to state 63

state 40

  58) expression : PARABRE _ expression PARCIERRA

  NEGACION      shift, and go to state 41
  RESTA         shift, and go to state 39
  ME            shift, and go to state 37
  PARABRE       shift, and go to state 40
  IDENT         shift, and go to state 36
  CHARACTER     shift, and go to state 35
  NUM           shift, and go to state 32
  TRUE          shift, and go to state 33
  FALSE         shift, and go to state 34

  literal       go to state 38
  expression    go to state 64

state 41

  59) expression : NEGACION _ expression

  NEGACION      shift, and go to state 41
  RESTA         shift, and go to state 39
  ME            shift, and go to state 37
  PARABRE       shift, and go to state 40
  IDENT         shift, and go to state 36
  CHARACTER     shift, and go to state 35
  NUM           shift, and go to state 32
  TRUE          shift, and go to state 33
  FALSE         shift, and go to state 34

  literal       go to state 38
  expression    go to state 65

state 42

  36) undfiter : WHILE expression _ DOSPUNTOS instructionList END
  52) expression : expression _ SUMA expression
  53) expression : expression _ RESTA expression
  54) expression : expression _ MULT expression
  55) expression : expression _ DIV expression
  56) expression : expression _ MOD expression
  60) expression : expression _ CONJUNCION expression
  61) expression : expression _ DISYUNCION expression
  62) expression : expression _ MENORIGUAL expression
  63) expression : expression _ MAYORIGUAL expression
  64) expression : expression _ IGUAL expression
  65) expression : expression _ NOIGUAL expression
  66) expression : expression _ MENOR expression
  67) expression : expression _ MAYOR expression

  MULT          shift, and go to state 52
  DIV           shift, and go to state 53
  MOD           shift, and go to state 54
  SUMA          shift, and go to state 50
  RESTA         shift, and go to state 51
  CONJUNCION    shift, and go to state 55
  DISYUNCION    shift, and go to state 56
  MENOR         shift, and go to state 61
  MAYOR         shift, and go to state 62
  MENORIGUAL    shift, and go to state 57
  MAYORIGUAL    shift, and go to state 58
  IGUAL         shift, and go to state 59
  NOIGUAL       shift, and go to state 60
  DOSPUNTOS     shift, and go to state 66


state 43

   1) program : CREATE declarationList EXECUTE instructionList _ END
  27) instructionList : instructionList _ instruction

  CREATE        shift, and go to state 2
  EXECUTE       shift, and go to state 3
  END           shift, and go to state 67
  ACTIVATE      shift, and go to state 13
  DEACTIVATE    shift, and go to state 15
  ADVANCE       shift, and go to state 14
  IF            shift, and go to state 19
  WHILE         shift, and go to state 20

  instruction   go to state 26
  conditional   go to state 16
  undfiter      go to state 17
  program       go to state 18

state 44

   5) declaration : type BOT identifierList _ behaviorList END
   6) declaration : type BOT identifierList _ END
   8) identifierList : identifierList _ COMA IDENT

  ON            shift, and go to state 71
  END           shift, and go to state 69
  COMA          shift, and go to state 45

  behaviorList  go to state 68
  behavior      go to state 70

state 45

   8) identifierList : identifierList COMA _ IDENT

  IDENT         shift, and go to state 72


state 46

  28) instruction : ACTIVATE identifierList PUNTO _

  $default      reduce using rule 28 (instruction)


state 47

  29) instruction : ADVANCE identifierList PUNTO _

  $default      reduce using rule 29 (instruction)


state 48

  30) instruction : DEACTIVATE identifierList PUNTO _

  $default      reduce using rule 30 (instruction)


state 49

  34) conditional : IF expression DOSPUNTOS _ instructionList END
  35) conditional : IF expression DOSPUNTOS _ instructionList ELSE DOSPUNTOS instructionList END

  CREATE        shift, and go to state 2
  EXECUTE       shift, and go to state 3
  ACTIVATE      shift, and go to state 13
  DEACTIVATE    shift, and go to state 15
  ADVANCE       shift, and go to state 14
  IF            shift, and go to state 19
  WHILE         shift, and go to state 20

  instruction   go to state 12
  instructionList  go to state 73
  conditional   go to state 16
  undfiter      go to state 17
  program       go to state 18

state 50

  52) expression : expression SUMA _ expression

  NEGACION      shift, and go to state 41
  RESTA         shift, and go to state 39
  ME            shift, and go to state 37
  PARABRE       shift, and go to state 40
  IDENT         shift, and go to state 36
  CHARACTER     shift, and go to state 35
  NUM           shift, and go to state 32
  TRUE          shift, and go to state 33
  FALSE         shift, and go to state 34

  literal       go to state 38
  expression    go to state 74

state 51

  53) expression : expression RESTA _ expression

  NEGACION      shift, and go to state 41
  RESTA         shift, and go to state 39
  ME            shift, and go to state 37
  PARABRE       shift, and go to state 40
  IDENT         shift, and go to state 36
  CHARACTER     shift, and go to state 35
  NUM           shift, and go to state 32
  TRUE          shift, and go to state 33
  FALSE         shift, and go to state 34

  literal       go to state 38
  expression    go to state 75

state 52

  54) expression : expression MULT _ expression

  NEGACION      shift, and go to state 41
  RESTA         shift, and go to state 39
  ME            shift, and go to state 37
  PARABRE       shift, and go to state 40
  IDENT         shift, and go to state 36
  CHARACTER     shift, and go to state 35
  NUM           shift, and go to state 32
  TRUE          shift, and go to state 33
  FALSE         shift, and go to state 34

  literal       go to state 38
  expression    go to state 76

state 53

  55) expression : expression DIV _ expression

  NEGACION      shift, and go to state 41
  RESTA         shift, and go to state 39
  ME            shift, and go to state 37
  PARABRE       shift, and go to state 40
  IDENT         shift, and go to state 36
  CHARACTER     shift, and go to state 35
  NUM           shift, and go to state 32
  TRUE          shift, and go to state 33
  FALSE         shift, and go to state 34

  literal       go to state 38
  expression    go to state 77

state 54

  56) expression : expression MOD _ expression

  NEGACION      shift, and go to state 41
  RESTA         shift, and go to state 39
  ME            shift, and go to state 37
  PARABRE       shift, and go to state 40
  IDENT         shift, and go to state 36
  CHARACTER     shift, and go to state 35
  NUM           shift, and go to state 32
  TRUE          shift, and go to state 33
  FALSE         shift, and go to state 34

  literal       go to state 38
  expression    go to state 78

state 55

  60) expression : expression CONJUNCION _ expression

  NEGACION      shift, and go to state 41
  RESTA         shift, and go to state 39
  ME            shift, and go to state 37
  PARABRE       shift, and go to state 40
  IDENT         shift, and go to state 36
  CHARACTER     shift, and go to state 35
  NUM           shift, and go to state 32
  TRUE          shift, and go to state 33
  FALSE         shift, and go to state 34

  literal       go to state 38
  expression    go to state 79

state 56

  61) expression : expression DISYUNCION _ expression

  NEGACION      shift, and go to state 41
  RESTA         shift, and go to state 39
  ME            shift, and go to state 37
  PARABRE       shift, and go to state 40
  IDENT         shift, and go to state 36
  CHARACTER     shift, and go to state 35
  NUM           shift, and go to state 32
  TRUE          shift, and go to state 33
  FALSE         shift, and go to state 34

  literal       go to state 38
  expression    go to state 80

state 57

  62) expression : expression MENORIGUAL _ expression

  NEGACION      shift, and go to state 41
  RESTA         shift, and go to state 39
  ME            shift, and go to state 37
  PARABRE       shift, and go to state 40
  IDENT         shift, and go to state 36
  CHARACTER     shift, and go to state 35
  NUM           shift, and go to state 32
  TRUE          shift, and go to state 33
  FALSE         shift, and go to state 34

  literal       go to state 38
  expression    go to state 81

state 58

  63) expression : expression MAYORIGUAL _ expression

  NEGACION      shift, and go to state 41
  RESTA         shift, and go to state 39
  ME            shift, and go to state 37
  PARABRE       shift, and go to state 40
  IDENT         shift, and go to state 36
  CHARACTER     shift, and go to state 35
  NUM           shift, and go to state 32
  TRUE          shift, and go to state 33
  FALSE         shift, and go to state 34

  literal       go to state 38
  expression    go to state 82

state 59

  64) expression : expression IGUAL _ expression

  NEGACION      shift, and go to state 41
  RESTA         shift, and go to state 39
  ME            shift, and go to state 37
  PARABRE       shift, and go to state 40
  IDENT         shift, and go to state 36
  CHARACTER     shift, and go to state 35
  NUM           shift, and go to state 32
  TRUE          shift, and go to state 33
  FALSE         shift, and go to state 34

  literal       go to state 38
  expression    go to state 83

state 60

  65) expression : expression NOIGUAL _ expression

  NEGACION      shift, and go to state 41
  RESTA         shift, and go to state 39
  ME            shift, and go to state 37
  PARABRE       shift, and go to state 40
  IDENT         shift, and go to state 36
  CHARACTER     shift, and go to state 35
  NUM           shift, and go to state 32
  TRUE          shift, and go to state 33
  FALSE         shift, and go to state 34

  literal       go to state 38
  expression    go to state 84

state 61

  66) expression : expression MENOR _ expression

  NEGACION      shift, and go to state 41
  RESTA         shift, and go to state 39
  ME            shift, and go to state 37
  PARABRE       shift, and go to state 40
  IDENT         shift, and go to state 36
  CHARACTER     shift, and go to state 35
  NUM           shift, and go to state 32
  TRUE          shift, and go to state 33
  FALSE         shift, and go to state 34

  literal       go to state 38
  expression    go to state 85

state 62

  67) expression : expression MAYOR _ expression

  NEGACION      shift, and go to state 41
  RESTA         shift, and go to state 39
  ME            shift, and go to state 37
  PARABRE       shift, and go to state 40
  IDENT         shift, and go to state 36
  CHARACTER     shift, and go to state 35
  NUM           shift, and go to state 32
  TRUE          shift, and go to state 33
  FALSE         shift, and go to state 34

  literal       go to state 38
  expression    go to state 86

state 63

  52) expression : expression _ SUMA expression
  53) expression : expression _ RESTA expression
  54) expression : expression _ MULT expression
  55) expression : expression _ DIV expression
  56) expression : expression _ MOD expression
  57) expression : RESTA expression _
  60) expression : expression _ CONJUNCION expression
  61) expression : expression _ DISYUNCION expression
  62) expression : expression _ MENORIGUAL expression
  63) expression : expression _ MAYORIGUAL expression
  64) expression : expression _ IGUAL expression
  65) expression : expression _ NOIGUAL expression
  66) expression : expression _ MENOR expression
  67) expression : expression _ MAYOR expression

  $default      reduce using rule 57 (expression)


state 64

  52) expression : expression _ SUMA expression
  53) expression : expression _ RESTA expression
  54) expression : expression _ MULT expression
  55) expression : expression _ DIV expression
  56) expression : expression _ MOD expression
  58) expression : PARABRE expression _ PARCIERRA
  60) expression : expression _ CONJUNCION expression
  61) expression : expression _ DISYUNCION expression
  62) expression : expression _ MENORIGUAL expression
  63) expression : expression _ MAYORIGUAL expression
  64) expression : expression _ IGUAL expression
  65) expression : expression _ NOIGUAL expression
  66) expression : expression _ MENOR expression
  67) expression : expression _ MAYOR expression

  MULT          shift, and go to state 52
  DIV           shift, and go to state 53
  MOD           shift, and go to state 54
  SUMA          shift, and go to state 50
  RESTA         shift, and go to state 51
  CONJUNCION    shift, and go to state 55
  DISYUNCION    shift, and go to state 56
  MENOR         shift, and go to state 61
  MAYOR         shift, and go to state 62
  MENORIGUAL    shift, and go to state 57
  MAYORIGUAL    shift, and go to state 58
  IGUAL         shift, and go to state 59
  NOIGUAL       shift, and go to state 60
  PARCIERRA     shift, and go to state 87


state 65

  52) expression : expression _ SUMA expression
  53) expression : expression _ RESTA expression
  54) expression : expression _ MULT expression
  55) expression : expression _ DIV expression
  56) expression : expression _ MOD expression
  59) expression : NEGACION expression _
  60) expression : expression _ CONJUNCION expression
  61) expression : expression _ DISYUNCION expression
  62) expression : expression _ MENORIGUAL expression
  63) expression : expression _ MAYORIGUAL expression
  64) expression : expression _ IGUAL expression
  65) expression : expression _ NOIGUAL expression
  66) expression : expression _ MENOR expression
  67) expression : expression _ MAYOR expression

  $default      reduce using rule 59 (expression)


state 66

  36) undfiter : WHILE expression DOSPUNTOS _ instructionList END

  CREATE        shift, and go to state 2
  EXECUTE       shift, and go to state 3
  ACTIVATE      shift, and go to state 13
  DEACTIVATE    shift, and go to state 15
  ADVANCE       shift, and go to state 14
  IF            shift, and go to state 19
  WHILE         shift, and go to state 20

  instruction   go to state 12
  instructionList  go to state 88
  conditional   go to state 16
  undfiter      go to state 17
  program       go to state 18

state 67

   1) program : CREATE declarationList EXECUTE instructionList END _

  $default      reduce using rule 1 (program)


state 68

   5) declaration : type BOT identifierList behaviorList _ END
  13) behaviorList : behaviorList _ behavior

  ON            shift, and go to state 71
  END           shift, and go to state 89

  behavior      go to state 90

state 69

   6) declaration : type BOT identifierList END _

  $default      reduce using rule 6 (declaration)


state 70

  12) behaviorList : behavior _

  $default      reduce using rule 12 (behaviorList)


state 71

  14) behavior : ON _ condition DOSPUNTOS botInstructionList END

  NEGACION      shift, and go to state 41
  RESTA         shift, and go to state 39
  ME            shift, and go to state 37
  ACTIVATION    shift, and go to state 92
  DEACTIVATION  shift, and go to state 93
  DEFAULT       shift, and go to state 95
  PARABRE       shift, and go to state 40
  IDENT         shift, and go to state 36
  CHARACTER     shift, and go to state 35
  NUM           shift, and go to state 32
  TRUE          shift, and go to state 33
  FALSE         shift, and go to state 34

  condition     go to state 91
  expression    go to state 94
  literal       go to state 38

state 72

   8) identifierList : identifierList COMA IDENT _

  $default      reduce using rule 8 (identifierList)


state 73

  27) instructionList : instructionList _ instruction
  34) conditional : IF expression DOSPUNTOS instructionList _ END
  35) conditional : IF expression DOSPUNTOS instructionList _ ELSE DOSPUNTOS instructionList END

  CREATE        shift, and go to state 2
  EXECUTE       shift, and go to state 3
  END           shift, and go to state 96
  ACTIVATE      shift, and go to state 13
  DEACTIVATE    shift, and go to state 15
  ADVANCE       shift, and go to state 14
  IF            shift, and go to state 19
  ELSE          shift, and go to state 97
  WHILE         shift, and go to state 20

  instruction   go to state 26
  conditional   go to state 16
  undfiter      go to state 17
  program       go to state 18

state 74

  52) expression : expression _ SUMA expression
  52) expression : expression SUMA expression _
  53) expression : expression _ RESTA expression
  54) expression : expression _ MULT expression
  55) expression : expression _ DIV expression
  56) expression : expression _ MOD expression
  60) expression : expression _ CONJUNCION expression
  61) expression : expression _ DISYUNCION expression
  62) expression : expression _ MENORIGUAL expression
  63) expression : expression _ MAYORIGUAL expression
  64) expression : expression _ IGUAL expression
  65) expression : expression _ NOIGUAL expression
  66) expression : expression _ MENOR expression
  67) expression : expression _ MAYOR expression

  MULT          shift, and go to state 52
  DIV           shift, and go to state 53
  MOD           shift, and go to state 54
  $default      reduce using rule 52 (expression)


state 75

  52) expression : expression _ SUMA expression
  53) expression : expression _ RESTA expression
  53) expression : expression RESTA expression _
  54) expression : expression _ MULT expression
  55) expression : expression _ DIV expression
  56) expression : expression _ MOD expression
  60) expression : expression _ CONJUNCION expression
  61) expression : expression _ DISYUNCION expression
  62) expression : expression _ MENORIGUAL expression
  63) expression : expression _ MAYORIGUAL expression
  64) expression : expression _ IGUAL expression
  65) expression : expression _ NOIGUAL expression
  66) expression : expression _ MENOR expression
  67) expression : expression _ MAYOR expression

  MULT          shift, and go to state 52
  DIV           shift, and go to state 53
  MOD           shift, and go to state 54
  $default      reduce using rule 53 (expression)


state 76

  52) expression : expression _ SUMA expression
  53) expression : expression _ RESTA expression
  54) expression : expression _ MULT expression
  54) expression : expression MULT expression _
  55) expression : expression _ DIV expression
  56) expression : expression _ MOD expression
  60) expression : expression _ CONJUNCION expression
  61) expression : expression _ DISYUNCION expression
  62) expression : expression _ MENORIGUAL expression
  63) expression : expression _ MAYORIGUAL expression
  64) expression : expression _ IGUAL expression
  65) expression : expression _ NOIGUAL expression
  66) expression : expression _ MENOR expression
  67) expression : expression _ MAYOR expression

  $default      reduce using rule 54 (expression)


state 77

  52) expression : expression _ SUMA expression
  53) expression : expression _ RESTA expression
  54) expression : expression _ MULT expression
  55) expression : expression _ DIV expression
  55) expression : expression DIV expression _
  56) expression : expression _ MOD expression
  60) expression : expression _ CONJUNCION expression
  61) expression : expression _ DISYUNCION expression
  62) expression : expression _ MENORIGUAL expression
  63) expression : expression _ MAYORIGUAL expression
  64) expression : expression _ IGUAL expression
  65) expression : expression _ NOIGUAL expression
  66) expression : expression _ MENOR expression
  67) expression : expression _ MAYOR expression

  $default      reduce using rule 55 (expression)


state 78

  52) expression : expression _ SUMA expression
  53) expression : expression _ RESTA expression
  54) expression : expression _ MULT expression
  55) expression : expression _ DIV expression
  56) expression : expression _ MOD expression
  56) expression : expression MOD expression _
  60) expression : expression _ CONJUNCION expression
  61) expression : expression _ DISYUNCION expression
  62) expression : expression _ MENORIGUAL expression
  63) expression : expression _ MAYORIGUAL expression
  64) expression : expression _ IGUAL expression
  65) expression : expression _ NOIGUAL expression
  66) expression : expression _ MENOR expression
  67) expression : expression _ MAYOR expression

  $default      reduce using rule 56 (expression)


state 79

  52) expression : expression _ SUMA expression
  53) expression : expression _ RESTA expression
  54) expression : expression _ MULT expression
  55) expression : expression _ DIV expression
  56) expression : expression _ MOD expression
  60) expression : expression _ CONJUNCION expression
  60) expression : expression CONJUNCION expression _
  61) expression : expression _ DISYUNCION expression
  62) expression : expression _ MENORIGUAL expression
  63) expression : expression _ MAYORIGUAL expression
  64) expression : expression _ IGUAL expression
  65) expression : expression _ NOIGUAL expression
  66) expression : expression _ MENOR expression
  67) expression : expression _ MAYOR expression

  MULT          shift, and go to state 52
  DIV           shift, and go to state 53
  MOD           shift, and go to state 54
  SUMA          shift, and go to state 50
  RESTA         shift, and go to state 51
  $default      reduce using rule 60 (expression)


state 80

  52) expression : expression _ SUMA expression
  53) expression : expression _ RESTA expression
  54) expression : expression _ MULT expression
  55) expression : expression _ DIV expression
  56) expression : expression _ MOD expression
  60) expression : expression _ CONJUNCION expression
  61) expression : expression _ DISYUNCION expression
  61) expression : expression DISYUNCION expression _
  62) expression : expression _ MENORIGUAL expression
  63) expression : expression _ MAYORIGUAL expression
  64) expression : expression _ IGUAL expression
  65) expression : expression _ NOIGUAL expression
  66) expression : expression _ MENOR expression
  67) expression : expression _ MAYOR expression

  MULT          shift, and go to state 52
  DIV           shift, and go to state 53
  MOD           shift, and go to state 54
  SUMA          shift, and go to state 50
  RESTA         shift, and go to state 51
  CONJUNCION    shift, and go to state 55
  $default      reduce using rule 61 (expression)


state 81

  52) expression : expression _ SUMA expression
  53) expression : expression _ RESTA expression
  54) expression : expression _ MULT expression
  55) expression : expression _ DIV expression
  56) expression : expression _ MOD expression
  60) expression : expression _ CONJUNCION expression
  61) expression : expression _ DISYUNCION expression
  62) expression : expression _ MENORIGUAL expression
  62) expression : expression MENORIGUAL expression _
  63) expression : expression _ MAYORIGUAL expression
  64) expression : expression _ IGUAL expression
  65) expression : expression _ NOIGUAL expression
  66) expression : expression _ MENOR expression
  67) expression : expression _ MAYOR expression

  MULT          shift, and go to state 52
  DIV           shift, and go to state 53
  MOD           shift, and go to state 54
  SUMA          shift, and go to state 50
  RESTA         shift, and go to state 51
  CONJUNCION    shift, and go to state 55
  DISYUNCION    shift, and go to state 56
  MENOR         error
  MAYOR         error
  MENORIGUAL    error
  MAYORIGUAL    error
  $default      reduce using rule 62 (expression)


state 82

  52) expression : expression _ SUMA expression
  53) expression : expression _ RESTA expression
  54) expression : expression _ MULT expression
  55) expression : expression _ DIV expression
  56) expression : expression _ MOD expression
  60) expression : expression _ CONJUNCION expression
  61) expression : expression _ DISYUNCION expression
  62) expression : expression _ MENORIGUAL expression
  63) expression : expression _ MAYORIGUAL expression
  63) expression : expression MAYORIGUAL expression _
  64) expression : expression _ IGUAL expression
  65) expression : expression _ NOIGUAL expression
  66) expression : expression _ MENOR expression
  67) expression : expression _ MAYOR expression

  MULT          shift, and go to state 52
  DIV           shift, and go to state 53
  MOD           shift, and go to state 54
  SUMA          shift, and go to state 50
  RESTA         shift, and go to state 51
  CONJUNCION    shift, and go to state 55
  DISYUNCION    shift, and go to state 56
  MENOR         error
  MAYOR         error
  MENORIGUAL    error
  MAYORIGUAL    error
  $default      reduce using rule 63 (expression)


state 83

  52) expression : expression _ SUMA expression
  53) expression : expression _ RESTA expression
  54) expression : expression _ MULT expression
  55) expression : expression _ DIV expression
  56) expression : expression _ MOD expression
  60) expression : expression _ CONJUNCION expression
  61) expression : expression _ DISYUNCION expression
  62) expression : expression _ MENORIGUAL expression
  63) expression : expression _ MAYORIGUAL expression
  64) expression : expression _ IGUAL expression
  64) expression : expression IGUAL expression _
  65) expression : expression _ NOIGUAL expression
  66) expression : expression _ MENOR expression
  67) expression : expression _ MAYOR expression

  MULT          shift, and go to state 52
  DIV           shift, and go to state 53
  MOD           shift, and go to state 54
  SUMA          shift, and go to state 50
  RESTA         shift, and go to state 51
  CONJUNCION    shift, and go to state 55
  DISYUNCION    shift, and go to state 56
  MENOR         shift, and go to state 61
  MAYOR         shift, and go to state 62
  MENORIGUAL    shift, and go to state 57
  MAYORIGUAL    shift, and go to state 58
  IGUAL         error
  NOIGUAL       error
  $default      reduce using rule 64 (expression)


state 84

  52) expression : expression _ SUMA expression
  53) expression : expression _ RESTA expression
  54) expression : expression _ MULT expression
  55) expression : expression _ DIV expression
  56) expression : expression _ MOD expression
  60) expression : expression _ CONJUNCION expression
  61) expression : expression _ DISYUNCION expression
  62) expression : expression _ MENORIGUAL expression
  63) expression : expression _ MAYORIGUAL expression
  64) expression : expression _ IGUAL expression
  65) expression : expression _ NOIGUAL expression
  65) expression : expression NOIGUAL expression _
  66) expression : expression _ MENOR expression
  67) expression : expression _ MAYOR expression

  MULT          shift, and go to state 52
  DIV           shift, and go to state 53
  MOD           shift, and go to state 54
  SUMA          shift, and go to state 50
  RESTA         shift, and go to state 51
  CONJUNCION    shift, and go to state 55
  DISYUNCION    shift, and go to state 56
  MENOR         shift, and go to state 61
  MAYOR         shift, and go to state 62
  MENORIGUAL    shift, and go to state 57
  MAYORIGUAL    shift, and go to state 58
  IGUAL         error
  NOIGUAL       error
  $default      reduce using rule 65 (expression)


state 85

  52) expression : expression _ SUMA expression
  53) expression : expression _ RESTA expression
  54) expression : expression _ MULT expression
  55) expression : expression _ DIV expression
  56) expression : expression _ MOD expression
  60) expression : expression _ CONJUNCION expression
  61) expression : expression _ DISYUNCION expression
  62) expression : expression _ MENORIGUAL expression
  63) expression : expression _ MAYORIGUAL expression
  64) expression : expression _ IGUAL expression
  65) expression : expression _ NOIGUAL expression
  66) expression : expression _ MENOR expression
  66) expression : expression MENOR expression _
  67) expression : expression _ MAYOR expression

  MULT          shift, and go to state 52
  DIV           shift, and go to state 53
  MOD           shift, and go to state 54
  SUMA          shift, and go to state 50
  RESTA         shift, and go to state 51
  CONJUNCION    shift, and go to state 55
  DISYUNCION    shift, and go to state 56
  MENOR         error
  MAYOR         error
  MENORIGUAL    error
  MAYORIGUAL    error
  $default      reduce using rule 66 (expression)


state 86

  52) expression : expression _ SUMA expression
  53) expression : expression _ RESTA expression
  54) expression : expression _ MULT expression
  55) expression : expression _ DIV expression
  56) expression : expression _ MOD expression
  60) expression : expression _ CONJUNCION expression
  61) expression : expression _ DISYUNCION expression
  62) expression : expression _ MENORIGUAL expression
  63) expression : expression _ MAYORIGUAL expression
  64) expression : expression _ IGUAL expression
  65) expression : expression _ NOIGUAL expression
  66) expression : expression _ MENOR expression
  67) expression : expression _ MAYOR expression
  67) expression : expression MAYOR expression _

  MULT          shift, and go to state 52
  DIV           shift, and go to state 53
  MOD           shift, and go to state 54
  SUMA          shift, and go to state 50
  RESTA         shift, and go to state 51
  CONJUNCION    shift, and go to state 55
  DISYUNCION    shift, and go to state 56
  MENOR         error
  MAYOR         error
  MENORIGUAL    error
  MAYORIGUAL    error
  $default      reduce using rule 67 (expression)


state 87

  58) expression : PARABRE expression PARCIERRA _

  $default      reduce using rule 58 (expression)


state 88

  27) instructionList : instructionList _ instruction
  36) undfiter : WHILE expression DOSPUNTOS instructionList _ END

  CREATE        shift, and go to state 2
  EXECUTE       shift, and go to state 3
  END           shift, and go to state 98
  ACTIVATE      shift, and go to state 13
  DEACTIVATE    shift, and go to state 15
  ADVANCE       shift, and go to state 14
  IF            shift, and go to state 19
  WHILE         shift, and go to state 20

  instruction   go to state 26
  conditional   go to state 16
  undfiter      go to state 17
  program       go to state 18

state 89

   5) declaration : type BOT identifierList behaviorList END _

  $default      reduce using rule 5 (declaration)


state 90

  13) behaviorList : behaviorList behavior _

  $default      reduce using rule 13 (behaviorList)


state 91

  14) behavior : ON condition _ DOSPUNTOS botInstructionList END

  DOSPUNTOS     shift, and go to state 99


state 92

  41) condition : ACTIVATION _

  $default      reduce using rule 41 (condition)


state 93

  42) condition : DEACTIVATION _

  $default      reduce using rule 42 (condition)


state 94

  43) condition : expression _
  52) expression : expression _ SUMA expression
  53) expression : expression _ RESTA expression
  54) expression : expression _ MULT expression
  55) expression : expression _ DIV expression
  56) expression : expression _ MOD expression
  60) expression : expression _ CONJUNCION expression
  61) expression : expression _ DISYUNCION expression
  62) expression : expression _ MENORIGUAL expression
  63) expression : expression _ MAYORIGUAL expression
  64) expression : expression _ IGUAL expression
  65) expression : expression _ NOIGUAL expression
  66) expression : expression _ MENOR expression
  67) expression : expression _ MAYOR expression

  MULT          shift, and go to state 52
  DIV           shift, and go to state 53
  MOD           shift, and go to state 54
  SUMA          shift, and go to state 50
  RESTA         shift, and go to state 51
  CONJUNCION    shift, and go to state 55
  DISYUNCION    shift, and go to state 56
  MENOR         shift, and go to state 61
  MAYOR         shift, and go to state 62
  MENORIGUAL    shift, and go to state 57
  MAYORIGUAL    shift, and go to state 58
  IGUAL         shift, and go to state 59
  NOIGUAL       shift, and go to state 60
  $default      reduce using rule 43 (condition)


state 95

  44) condition : DEFAULT _

  $default      reduce using rule 44 (condition)


state 96

  34) conditional : IF expression DOSPUNTOS instructionList END _

  $default      reduce using rule 34 (conditional)


state 97

  35) conditional : IF expression DOSPUNTOS instructionList ELSE _ DOSPUNTOS instructionList END

  DOSPUNTOS     shift, and go to state 100


state 98

  36) undfiter : WHILE expression DOSPUNTOS instructionList END _

  $default      reduce using rule 36 (undfiter)


state 99

  14) behavior : ON condition DOSPUNTOS _ botInstructionList END

  READ          shift, and go to state 107
  STORE         shift, and go to state 103
  COLLECT       shift, and go to state 104
  DROP          shift, and go to state 105
  LEFT          shift, and go to state 109
  RIGHT         shift, and go to state 110
  UP            shift, and go to state 111
  DOWN          shift, and go to state 112
  SEND          shift, and go to state 108

  botInstructionList  go to state 101
  botInstruction  go to state 102
  direction     go to state 106

state 100

  35) conditional : IF expression DOSPUNTOS instructionList ELSE DOSPUNTOS _ instructionList END

  CREATE        shift, and go to state 2
  EXECUTE       shift, and go to state 3
  ACTIVATE      shift, and go to state 13
  DEACTIVATE    shift, and go to state 15
  ADVANCE       shift, and go to state 14
  IF            shift, and go to state 19
  WHILE         shift, and go to state 20

  instruction   go to state 12
  instructionList  go to state 113
  conditional   go to state 16
  undfiter      go to state 17
  program       go to state 18

state 101

  14) behavior : ON condition DOSPUNTOS botInstructionList _ END
  16) botInstructionList : botInstructionList _ botInstruction

  READ          shift, and go to state 107
  END           shift, and go to state 114
  STORE         shift, and go to state 103
  COLLECT       shift, and go to state 104
  DROP          shift, and go to state 105
  LEFT          shift, and go to state 109
  RIGHT         shift, and go to state 110
  UP            shift, and go to state 111
  DOWN          shift, and go to state 112
  SEND          shift, and go to state 108

  botInstruction  go to state 115
  direction     go to state 106

state 102

  15) botInstructionList : botInstruction _

  $default      reduce using rule 15 (botInstructionList)


state 103

  17) botInstruction : STORE _ expression PUNTO

  NEGACION      shift, and go to state 41
  RESTA         shift, and go to state 39
  ME            shift, and go to state 37
  PARABRE       shift, and go to state 40
  IDENT         shift, and go to state 36
  CHARACTER     shift, and go to state 35
  NUM           shift, and go to state 32
  TRUE          shift, and go to state 33
  FALSE         shift, and go to state 34

  expression    go to state 116
  literal       go to state 38

state 104

  18) botInstruction : COLLECT _ AS IDENT PUNTO
  19) botInstruction : COLLECT _ PUNTO

  AS            shift, and go to state 117
  PUNTO         shift, and go to state 118


state 105

  20) botInstruction : DROP _ expression PUNTO

  NEGACION      shift, and go to state 41
  RESTA         shift, and go to state 39
  ME            shift, and go to state 37
  PARABRE       shift, and go to state 40
  IDENT         shift, and go to state 36
  CHARACTER     shift, and go to state 35
  NUM           shift, and go to state 32
  TRUE          shift, and go to state 33
  FALSE         shift, and go to state 34

  expression    go to state 119
  literal       go to state 38

state 106

  21) botInstruction : direction _ PUNTO
  22) botInstruction : direction _ expression PUNTO

  NEGACION      shift, and go to state 41
  RESTA         shift, and go to state 39
  ME            shift, and go to state 37
  PUNTO         shift, and go to state 120
  PARABRE       shift, and go to state 40
  IDENT         shift, and go to state 36
  CHARACTER     shift, and go to state 35
  NUM           shift, and go to state 32
  TRUE          shift, and go to state 33
  FALSE         shift, and go to state 34

  expression    go to state 121
  literal       go to state 38

state 107

  23) botInstruction : READ _ PUNTO
  24) botInstruction : READ _ AS IDENT PUNTO

  AS            shift, and go to state 123
  PUNTO         shift, and go to state 122


state 108

  25) botInstruction : SEND _ PUNTO

  PUNTO         shift, and go to state 124


state 109

  37) direction : LEFT _

  $default      reduce using rule 37 (direction)


state 110

  38) direction : RIGHT _

  $default      reduce using rule 38 (direction)


state 111

  39) direction : UP _

  $default      reduce using rule 39 (direction)


state 112

  40) direction : DOWN _

  $default      reduce using rule 40 (direction)


state 113

  27) instructionList : instructionList _ instruction
  35) conditional : IF expression DOSPUNTOS instructionList ELSE DOSPUNTOS instructionList _ END

  CREATE        shift, and go to state 2
  EXECUTE       shift, and go to state 3
  END           shift, and go to state 125
  ACTIVATE      shift, and go to state 13
  DEACTIVATE    shift, and go to state 15
  ADVANCE       shift, and go to state 14
  IF            shift, and go to state 19
  WHILE         shift, and go to state 20

  instruction   go to state 26
  conditional   go to state 16
  undfiter      go to state 17
  program       go to state 18

state 114

  14) behavior : ON condition DOSPUNTOS botInstructionList END _

  $default      reduce using rule 14 (behavior)


state 115

  16) botInstructionList : botInstructionList botInstruction _

  $default      reduce using rule 16 (botInstructionList)


state 116

  17) botInstruction : STORE expression _ PUNTO
  52) expression : expression _ SUMA expression
  53) expression : expression _ RESTA expression
  54) expression : expression _ MULT expression
  55) expression : expression _ DIV expression
  56) expression : expression _ MOD expression
  60) expression : expression _ CONJUNCION expression
  61) expression : expression _ DISYUNCION expression
  62) expression : expression _ MENORIGUAL expression
  63) expression : expression _ MAYORIGUAL expression
  64) expression : expression _ IGUAL expression
  65) expression : expression _ NOIGUAL expression
  66) expression : expression _ MENOR expression
  67) expression : expression _ MAYOR expression

  MULT          shift, and go to state 52
  DIV           shift, and go to state 53
  MOD           shift, and go to state 54
  SUMA          shift, and go to state 50
  RESTA         shift, and go to state 51
  CONJUNCION    shift, and go to state 55
  DISYUNCION    shift, and go to state 56
  MENOR         shift, and go to state 61
  MAYOR         shift, and go to state 62
  MENORIGUAL    shift, and go to state 57
  MAYORIGUAL    shift, and go to state 58
  IGUAL         shift, and go to state 59
  NOIGUAL       shift, and go to state 60
  PUNTO         shift, and go to state 126


state 117

  18) botInstruction : COLLECT AS _ IDENT PUNTO

  IDENT         shift, and go to state 127


state 118

  19) botInstruction : COLLECT PUNTO _

  $default      reduce using rule 19 (botInstruction)


state 119

  20) botInstruction : DROP expression _ PUNTO
  52) expression : expression _ SUMA expression
  53) expression : expression _ RESTA expression
  54) expression : expression _ MULT expression
  55) expression : expression _ DIV expression
  56) expression : expression _ MOD expression
  60) expression : expression _ CONJUNCION expression
  61) expression : expression _ DISYUNCION expression
  62) expression : expression _ MENORIGUAL expression
  63) expression : expression _ MAYORIGUAL expression
  64) expression : expression _ IGUAL expression
  65) expression : expression _ NOIGUAL expression
  66) expression : expression _ MENOR expression
  67) expression : expression _ MAYOR expression

  MULT          shift, and go to state 52
  DIV           shift, and go to state 53
  MOD           shift, and go to state 54
  SUMA          shift, and go to state 50
  RESTA         shift, and go to state 51
  CONJUNCION    shift, and go to state 55
  DISYUNCION    shift, and go to state 56
  MENOR         shift, and go to state 61
  MAYOR         shift, and go to state 62
  MENORIGUAL    shift, and go to state 57
  MAYORIGUAL    shift, and go to state 58
  IGUAL         shift, and go to state 59
  NOIGUAL       shift, and go to state 60
  PUNTO         shift, and go to state 128


state 120

  21) botInstruction : direction PUNTO _

  $default      reduce using rule 21 (botInstruction)


state 121

  22) botInstruction : direction expression _ PUNTO
  52) expression : expression _ SUMA expression
  53) expression : expression _ RESTA expression
  54) expression : expression _ MULT expression
  55) expression : expression _ DIV expression
  56) expression : expression _ MOD expression
  60) expression : expression _ CONJUNCION expression
  61) expression : expression _ DISYUNCION expression
  62) expression : expression _ MENORIGUAL expression
  63) expression : expression _ MAYORIGUAL expression
  64) expression : expression _ IGUAL expression
  65) expression : expression _ NOIGUAL expression
  66) expression : expression _ MENOR expression
  67) expression : expression _ MAYOR expression

  MULT          shift, and go to state 52
  DIV           shift, and go to state 53
  MOD           shift, and go to state 54
  SUMA          shift, and go to state 50
  RESTA         shift, and go to state 51
  CONJUNCION    shift, and go to state 55
  DISYUNCION    shift, and go to state 56
  MENOR         shift, and go to state 61
  MAYOR         shift, and go to state 62
  MENORIGUAL    shift, and go to state 57
  MAYORIGUAL    shift, and go to state 58
  IGUAL         shift, and go to state 59
  NOIGUAL       shift, and go to state 60
  PUNTO         shift, and go to state 129


state 122

  23) botInstruction : READ PUNTO _

  $default      reduce using rule 23 (botInstruction)


state 123

  24) botInstruction : READ AS _ IDENT PUNTO

  IDENT         shift, and go to state 130


state 124

  25) botInstruction : SEND PUNTO _

  $default      reduce using rule 25 (botInstruction)


state 125

  35) conditional : IF expression DOSPUNTOS instructionList ELSE DOSPUNTOS instructionList END _

  $default      reduce using rule 35 (conditional)


state 126

  17) botInstruction : STORE expression PUNTO _

  $default      reduce using rule 17 (botInstruction)


state 127

  18) botInstruction : COLLECT AS IDENT _ PUNTO

  PUNTO         shift, and go to state 131


state 128

  20) botInstruction : DROP expression PUNTO _

  $default      reduce using rule 20 (botInstruction)


state 129

  22) botInstruction : direction expression PUNTO _

  $default      reduce using rule 22 (botInstruction)


state 130

  24) botInstruction : READ AS IDENT _ PUNTO

  PUNTO         shift, and go to state 132


state 131

  18) botInstruction : COLLECT AS IDENT PUNTO _

  $default      reduce using rule 18 (botInstruction)


state 132

  24) botInstruction : READ AS IDENT PUNTO _

  $default      reduce using rule 24 (botInstruction)

